<?xml version="1.0" encoding="UTF-8"?>
<!-- Generated by org.testng.reporters.JUnitReportReporter -->
<testsuite hostname="Nayana" failures="0" tests="1" name="com.obsqura.testscript.LoginpageTest" time="4.086" errors="0" timestamp="2025-03-17T21:22:38 IST" skipped="0">
  <testcase classname="com.obsqura.testscript.LoginpageTest" name="invalidUsernameAndPassword" time="4.086"/>
  <system-out/>
</testsuite> <!-- com.obsqura.testscript.LoginpageTest -->
