<?xml version="1.0" encoding="UTF-8"?>
<!-- Generated by org.testng.reporters.JUnitReportReporter -->
<testsuite hostname="Nayana" failures="0" tests="2" name="com.obsqura.testscript.Base" time="21.058" errors="0" timestamp="2025-03-08T22:36:18 IST" skipped="0">
  <testcase classname="com.obsqura.testscript.Base" name="afterMethod" time="7.668"/>
  <system-out/>
  <testcase classname="com.obsqura.testscript.Base" name="beforeMethod" time="13.390"/>
  <system-out/>
</testsuite> <!-- com.obsqura.testscript.Base -->
