<?xml version="1.0" encoding="UTF-8"?>
<!-- Generated by org.testng.reporters.JUnitReportReporter -->
<testsuite hostname="Nayana" failures="0" tests="1" name="com.obsqura.testscript.ClientPageTest" time="7.525" errors="0" timestamp="2025-03-16T05:56:43 IST" skipped="0">
  <testcase classname="com.obsqura.testscript.ClientPageTest" name="tabledata" time="7.525"/>
  <system-out/>
</testsuite> <!-- com.obsqura.testscript.ClientPageTest -->
