<?xml version="1.0" encoding="UTF-8"?>
<!-- Generated by org.testng.reporters.JUnitReportReporter -->
<testsuite hostname="Nayana" failures="0" tests="1" name="com.obsqura.testscript.HomepageTest" time="10.528" errors="0" timestamp="2025-03-15T11:12:36 IST" skipped="0">
  <testcase classname="com.obsqura.testscript.HomepageTest" name="verifyUserCanLogout" time="10.528"/>
  <system-out/>
</testsuite> <!-- com.obsqura.testscript.HomepageTest -->
